[ 2026-03-20 13:38:05,141] INFO - root - Logging Initialized.
[ 2026-03-20 13:38:12,524] INFO - root - Data Ingestion Initialized.
[ 2026-03-20 13:38:12,524] INFO - root - Connecting to mongoDB
[ 2026-03-20 13:38:13,210] INFO - root - Connection Successfull
[ 2026-03-20 13:38:13,210] INFO - root - Loading the data from mongodb
[ 2026-03-20 13:38:14,408] INFO - root - 493 records were Successfully loaded
[ 2026-03-20 13:38:14,408] INFO - root - Removed _id column and replaced 'na' into actuall null values
[ 2026-03-20 13:38:14,408] INFO - root - Returned 493 records
[ 2026-03-20 13:38:14,408] INFO - root - Creating the feature_Store directory.
[ 2026-03-20 13:38:14,536] INFO - root - Successfully saved the CSV file.
[ 2026-03-20 13:38:14,538] INFO - root - Train Test Split started.
[ 2026-03-20 13:38:14,538] INFO - root - Train Test Split Completed. Train shape: (394, 16), Test: (99, 16)
[ 2026-03-20 13:38:14,538] INFO - root - Creating artifact directory.
[ 2026-03-20 13:38:14,563] INFO - root - Train Test sets saved Successfully.
[ 2026-03-20 13:38:14,563] INFO - root - Data Ingestion Completed Successfully.
[ 2026-03-20 13:38:14,563] INFO - root - Reading yaml file from data_schema\schema.yaml
[ 2026-03-20 13:38:14,570] INFO - root - Schema Loaded successfully.
[ 2026-03-20 13:38:14,570] INFO - root - Data Validation Initiated.
[ 2026-03-20 13:38:14,570] INFO - root - Reading dataframe.
[ 2026-03-20 13:38:14,570] INFO - root - Reading dataframe.
[ 2026-03-20 13:38:14,591] INFO - root - Dataset Loaded.
[ 2026-03-20 13:38:14,591] INFO - root - Validating total number of columns received.
[ 2026-03-20 13:38:14,591] INFO - root - Validating datatype of each column in the dataframe.
[ 2026-03-20 13:38:14,593] INFO - root - Validating total number of columns received.
[ 2026-03-20 13:38:14,593] INFO - root - Validating datatype of each column in the dataframe.
[ 2026-03-20 13:38:14,595] INFO - root - Checking Data Drift.
[ 2026-03-20 13:38:14,649] INFO - root - Drift status: True
[ 2026-03-20 13:38:14,742] INFO - root - Data Validation Completed.
[ 2026-03-20 13:38:14,742] INFO - root - Initializing Data Transformation.
[ 2026-03-20 13:38:14,760] INFO - root - Fitting preprocessor on training data.
[ 2026-03-20 13:38:14,831] INFO - root - Data Transformation Completed
[ 2026-03-20 13:38:14,831] INFO - root - Starting Model Training.
[ 2026-03-20 13:38:14,831] INFO - root - Loading transformed train and test data.
[ 2026-03-20 13:38:14,831] INFO - root - Data shapes - x_train: (394, 28), y_train: (394,), x_test: (99, 28), y_test: (99,)
[ 2026-03-20 13:38:14,831] INFO - root - Starting hyperparameter tuning for models using RandomizedSearchCV.
[ 2026-03-20 13:38:33,139] INFO - root - Training completed for: Random Forest. Best R2 Score: 0.871977630645835
[ 2026-03-20 13:38:33,222] INFO - root - Training completed for: Decision Tree. Best R2 Score: 0.8203072293314535
[ 2026-03-20 13:38:34,547] INFO - root - Training completed for: Gradient Boosting. Best R2 Score: 0.8504296086656492
[ 2026-03-20 13:38:36,398] INFO - root - Training completed for: AdaBoost. Best R2 Score: 0.8432351017664582
[ 2026-03-20 13:38:37,488] INFO - root - Training completed for: XGBoost. Best R2 Score: 0.8431727561963164
[ 2026-03-20 13:38:37,801] INFO - root - Training completed for: Linear Regression. Best R2 Score: 0.8256100359706607
[ 2026-03-20 13:38:37,911] INFO - root - Training completed for: Ridge. Best R2 Score: 0.8340774697519312
[ 2026-03-20 13:38:37,994] INFO - root - Training completed for: Lasso. Best R2 Score: 0.8451611466811232
[ 2026-03-20 13:38:38,057] INFO - root - Training completed for: Elastic Net. Best R2 Score: 0.8442383770010308
[ 2026-03-20 13:38:38,057] INFO - root - Model Report successfully generated.
[ 2026-03-20 13:38:38,057] INFO - root - Best Model : Random Forest with a score : 0.871977630645835
[ 2026-03-20 13:38:38,168] INFO - root - Calculating evaluation metrics (RMSE, MAE, R2 Score)
[ 2026-03-20 13:38:38,278] INFO - root - Calculating evaluation metrics (RMSE, MAE, R2 Score)
[ 2026-03-20 13:38:38,278] INFO - root - Train Score : RegressionMetricArtifact(r2_score=0.97911300144143, rmse=0.08470515257800658, mae=0.03561656749341924)
[ 2026-03-20 13:38:38,278] INFO - root - Test Score : RegressionMetricArtifact(r2_score=0.9178748354725643, rmse=0.17509848629462246, mae=0.11152673514765572)
[ 2026-03-20 13:38:38,278] INFO - root - Logging experiment results to MLflow for model: RandomForestRegressor
[ 2026-03-20 13:39:18,965] INFO - root - Successfully logged metrics and model to MLflow for RandomForestRegressor
[ 2026-03-20 13:39:19,389] INFO - root - Saved the best model to artifacts\03_20_2026_13_38_03\model_trainer\trained_model\model.pkl
[ 2026-03-20 13:39:19,882] INFO - root - Saved the final model (preprocessor + model) to final_models
[ 2026-03-20 13:39:19,882] INFO - root - Model training pipeline completed successfully.
